<?xml version="1.0" encoding="UTF-8"?>
<!-- Generated by org.testng.reporters.JUnitReportReporter -->
<testsuite hostname="aham" failures="0" tests="1" name="productsModule.SearchProductsTest" time="26.859" errors="0" timestamp="2024-03-06T13:34:44 IST" skipped="0">
  <testcase classname="productsModule.SearchProductsTest" name="SearchTheProduct" time="26.859"/>
  <system-out/>
</testsuite> <!-- productsModule.SearchProductsTest -->
