<?xml version="1.0" encoding="UTF-8"?>
<!-- Generated by org.testng.reporters.JUnitReportReporter -->
<testsuite hostname="aham" failures="0" tests="1" name="productsModule.AddProductsTest" time="37.711" errors="0" timestamp="2024-03-06T13:27:40 IST" skipped="0">
  <testcase classname="productsModule.AddProductsTest" name="Addproduct" time="37.711"/>
  <system-out/>
</testsuite> <!-- productsModule.AddProductsTest -->
