<?xml version="1.0" encoding="UTF-8"?>
<!-- Generated by org.testng.reporters.JUnitReportReporter -->
<testsuite hostname="aham" failures="0" tests="1" name="loginModule.VerifyingLoginLogoutTest" time="5.853" errors="0" timestamp="2024-03-06T13:34:44 IST" skipped="0">
  <testcase classname="loginModule.VerifyingLoginLogoutTest" name="VerifyLoginLogout" time="5.853"/>
  <system-out>
    <![CDATA[Dashboard / nopCommerce administration]]>
  </system-out>
</testsuite> <!-- loginModule.VerifyingLoginLogoutTest -->
