<?xml version="1.0" encoding="UTF-8"?>
<!-- Generated by org.testng.reporters.JUnitReportReporter -->
<testsuite hostname="aham" failures="0" tests="1" name="productsModule.SearchProductsTest" time="21.013" errors="0" timestamp="2024-03-03T22:31:16 IST" skipped="0">
  <testcase classname="productsModule.SearchProductsTest" name="SearchTheProduct" time="21.013"/>
  <system-out/>
</testsuite> <!-- productsModule.SearchProductsTest -->
